2025-03-25 09:42:03,047 [INFO] Activator:176 - 


2025-03-25 09:42:03,050 [INFO] Activator:177 - !SESSION log4j initialized
2025-03-25 09:42:14,902 [INFO] LogOutputStream:77 - [STDOUT_REDIRECT] 
2025-03-25 09:42:17,919 [INFO] ApplicationProperties:184 - Using Application install path: /opt/st/stm32cubeide_1.18.0/plugins/com.st.stm32cube.common.mx_6.14.0.202502271554
2025-03-25 09:42:17,980 [INFO] DbMcusXml:78 - Set database path to: /opt/st/stm32cubeide_1.18.0/plugins/com.st.stm32cube.common.mx_6.14.0.202502271554//db//mcu/
2025-03-25 09:42:17,981 [INFO] ApiDb:274 - Set plugin database path to: /opt/st/stm32cubeide_1.18.0/plugins/com.st.stm32cube.common.mx_6.14.0.202502271554//db//plugins/boardmanager/
2025-03-25 09:42:17,981 [WARN] ApiDb:259 - Overriding images path with different value:  => /opt/st/stm32cubeide_1.18.0/plugins/com.st.stm32cube.common.mx_6.14.0.202502271554//db//plugins/mcufinder/images/
2025-03-25 09:42:18,015 [INFO] ApiDb:250 - Set database path to: /home/tabrez/.stmcufinder/plugins/mcufinder//mcu/
2025-03-25 09:42:18,016 [INFO] DbMcusAds:125 - Set database path to: /home/tabrez/.stmcufinder/plugins/mcufinder//mcu/
2025-03-25 09:42:18,019 [INFO] CrossReferenceDbSqlite:203 - Set database path to: /home/tabrez/.stmcufinder/plugins/mcufinder//mcu/cs/
2025-03-25 09:42:18,207 [INFO] RulesReader:64 - Compatibility file has been processed (301 Rules)
2025-03-25 09:42:18,560 [INFO] DbMcusXml:78 - Set database path to: /opt/st/stm32cubeide_1.18.0/plugins/com.st.stm32cube.common.mx_6.14.0.202502271554//db//mcu/
2025-03-25 09:42:18,560 [INFO] ApiDb:274 - Set plugin database path to: /opt/st/stm32cubeide_1.18.0/plugins/com.st.stm32cube.common.mx_6.14.0.202502271554//db//plugins/boardmanager/
2025-03-25 09:42:18,560 [INFO] ApiDb:261 - Set plugin images path to: /opt/st/stm32cubeide_1.18.0/plugins/com.st.stm32cube.common.mx_6.14.0.202502271554//db//plugins/mcufinder/images/
2025-03-25 09:42:18,560 [WARN] DbFile:41 - Overriding database path with different value: /home/tabrez/.stmcufinder/plugins/mcufinder/ => /home/tabrez/.stmcufinder/plugins/mcufinder
2025-03-25 09:42:18,560 [INFO] ApiDb:250 - Set database path to: /home/tabrez/.stmcufinder/plugins/mcufinder//mcu/
2025-03-25 09:42:18,560 [WARN] DbFile:41 - Overriding database path with different value: /home/tabrez/.stmcufinder/plugins/mcufinder/ => /home/tabrez/.stmcufinder/plugins/mcufinder
2025-03-25 09:42:18,561 [INFO] DbMcusAds:125 - Set database path to: /home/tabrez/.stmcufinder/plugins/mcufinder//mcu/
2025-03-25 09:42:18,561 [WARN] DbFile:41 - Overriding database path with different value: /home/tabrez/.stmcufinder/plugins/mcufinder/ => /home/tabrez/.stmcufinder/plugins/mcufinder
2025-03-25 09:42:18,561 [WARN] DbFile:41 - Overriding database path with different value: /home/tabrez/.stmcufinder/plugins/mcufinder/ => /home/tabrez/.stmcufinder/plugins/mcufinder
2025-03-25 09:42:18,561 [INFO] CrossReferenceDbSqlite:203 - Set database path to: /home/tabrez/.stmcufinder/plugins/mcufinder//mcu/cs/
2025-03-25 09:42:18,992 [INFO] MainPanel:272 - HeapMemory: 268435456
2025-03-25 09:42:19,450 [INFO] DbMcusXml:78 - Set database path to: /opt/st/stm32cubeide_1.18.0/plugins/com.st.stm32cube.common.mx_6.14.0.202502271554//db//mcu/
2025-03-25 09:42:19,450 [INFO] ApiDb:274 - Set plugin database path to: /opt/st/stm32cubeide_1.18.0/plugins/com.st.stm32cube.common.mx_6.14.0.202502271554//db//plugins/boardmanager/
2025-03-25 09:42:19,450 [INFO] ApiDb:261 - Set plugin images path to: /opt/st/stm32cubeide_1.18.0/plugins/com.st.stm32cube.common.mx_6.14.0.202502271554//db//plugins/mcufinder/images/
2025-03-25 09:42:19,451 [WARN] DbFile:41 - Overriding database path with different value: /home/tabrez/.stmcufinder/plugins/mcufinder/ => /home/tabrez/.stmcufinder/plugins/mcufinder
2025-03-25 09:42:19,451 [INFO] ApiDb:250 - Set database path to: /home/tabrez/.stmcufinder/plugins/mcufinder//mcu/
2025-03-25 09:42:19,451 [WARN] DbFile:41 - Overriding database path with different value: /home/tabrez/.stmcufinder/plugins/mcufinder/ => /home/tabrez/.stmcufinder/plugins/mcufinder
2025-03-25 09:42:19,451 [INFO] DbMcusAds:125 - Set database path to: /home/tabrez/.stmcufinder/plugins/mcufinder//mcu/
2025-03-25 09:42:19,451 [WARN] DbFile:41 - Overriding database path with different value: /home/tabrez/.stmcufinder/plugins/mcufinder/ => /home/tabrez/.stmcufinder/plugins/mcufinder
2025-03-25 09:42:19,451 [WARN] DbFile:41 - Overriding database path with different value: /home/tabrez/.stmcufinder/plugins/mcufinder/ => /home/tabrez/.stmcufinder/plugins/mcufinder
2025-03-25 09:42:19,451 [INFO] CrossReferenceDbSqlite:203 - Set database path to: /home/tabrez/.stmcufinder/plugins/mcufinder//mcu/cs/
2025-03-25 09:42:19,466 [INFO] ApplicationProperties:184 - Using Application install path: /opt/st/stm32cubeide_1.18.0/plugins/com.st.stm32cube.common.mx_6.14.0.202502271554
2025-03-25 09:42:19,468 [INFO] PluginManage:196 - Search for loadable plugins [exclusion list=, ]
2025-03-25 09:42:19,470 [INFO] PluginManage:310 - Check plugin analytics
2025-03-25 09:42:19,836 [INFO] AnalyticsPlugin:253 - Accepted Software Licenses: 
2025-03-25 09:42:19,836 [INFO] AnalyticsPlugin:255 - Accepted CMSIS Pack Licenses: 
2025-03-25 09:42:19,836 [INFO] AnalyticsPlugin:257 - Accepted Firmware Licenses: 
2025-03-25 09:42:19,839 [INFO] PluginManage:359 - Loaded plugin analytics (category:tool,tabindex:-1)
2025-03-25 09:42:19,839 [INFO] PluginManage:310 - Check plugin cadmodel
2025-03-25 09:42:19,890 [INFO] CADModel:105 - Init CAD model plugin
2025-03-25 09:42:19,890 [INFO] PluginManage:359 - Loaded plugin cadmodel (category:power,tabindex:5)
2025-03-25 09:42:19,890 [INFO] PluginManage:310 - Check plugin clock
2025-03-25 09:42:19,972 [INFO] PluginManage:359 - Loaded plugin clock (category:base,tabindex:2)
2025-03-25 09:42:19,972 [INFO] PluginManage:310 - Check plugin ddr
2025-03-25 09:42:20,001 [INFO] PluginManage:359 - Loaded plugin ddr (category:tool,tabindex:6)
2025-03-25 09:42:20,002 [INFO] PluginManage:310 - Check plugin filemanager
2025-03-25 09:42:20,285 [INFO] PluginManage:359 - Loaded plugin filemanager (category:base,tabindex:10)
2025-03-25 09:42:20,285 [INFO] PluginManage:310 - Check plugin ipmanager
2025-03-25 09:42:20,308 [INFO] PluginManage:359 - Loaded plugin ipmanager (category:base,tabindex:5)
2025-03-25 09:42:20,309 [INFO] PluginManage:310 - Check plugin lpbam
2025-03-25 09:42:20,380 [INFO] PluginManage:359 - Loaded plugin lpbam (category:base,tabindex:0)
2025-03-25 09:42:20,380 [INFO] PluginManage:310 - Check plugin memorymap
2025-03-25 09:42:20,439 [INFO] PluginManage:359 - Loaded plugin memorymap (category:base,tabindex:4)
2025-03-25 09:42:20,439 [INFO] PluginManage:310 - Check plugin pinoutandconfiguration
2025-03-25 09:42:20,491 [INFO] PluginManage:359 - Loaded plugin pinoutandconfiguration (category:base,tabindex:1)
2025-03-25 09:42:20,491 [INFO] PluginManage:310 - Check plugin pinoutconfig
2025-03-25 09:42:21,112 [WARN] SupportedApi:132 - Cannot load RTOS API schema: s4s-elt-must-match.1: The content of 'definitions' must match (annotation?, (simpleType | complexType)?, (unique | key | keyref)*)). A problem was found starting at: attribute.
2025-03-25 09:42:21,335 [INFO] PluginManage:359 - Loaded plugin pinoutconfig (category:base,tabindex:0)
2025-03-25 09:42:21,335 [INFO] PluginManage:310 - Check plugin power
2025-03-25 09:42:21,391 [INFO] PluginManage:359 - Loaded plugin power (category:power,tabindex:4)
2025-03-25 09:42:21,391 [INFO] PluginManage:310 - Check plugin projectmanager
2025-03-25 09:42:21,421 [INFO] PluginManage:359 - Loaded plugin projectmanager (category:projectmanager,tabindex:4)
2025-03-25 09:42:21,422 [INFO] PluginManage:310 - Check plugin rif
2025-03-25 09:42:21,727 [INFO] PluginManage:359 - Loaded plugin rif (category:base,tabindex:3)
2025-03-25 09:42:21,727 [INFO] PluginManage:310 - Check plugin thirdparty
2025-03-25 09:42:22,087 [INFO] PluginManage:359 - Loaded plugin thirdparty (category:base,tabindex:-1)
2025-03-25 09:42:22,087 [INFO] PluginManage:310 - Check plugin tools
2025-03-25 09:42:22,087 [WARN] IntegrityCheckThread:84 - waiting for thirdparty lock release [integrity check]
2025-03-25 09:42:22,087 [INFO] IntegrityCheckThread:86 - entering critical section [integrity check]
2025-03-25 09:42:22,088 [INFO] ThirdPartyUpdaterWithRetryManager:70 - Updater plugin not ready yet. [1/15]
2025-03-25 09:42:22,108 [INFO] PluginManage:359 - Loaded plugin tools (category:base,tabindex:7)
2025-03-25 09:42:22,108 [INFO] PluginManage:310 - Check plugin tutovideos
2025-03-25 09:42:22,458 [INFO] PluginManage:359 - Loaded plugin tutovideos (category:base,tabindex:-1)
2025-03-25 09:42:22,458 [INFO] PluginManage:310 - Check plugin updater
2025-03-25 09:42:22,501 [INFO] PluginManage:359 - Loaded plugin updater (category:base,tabindex:12)
2025-03-25 09:42:22,501 [INFO] PluginManage:310 - Check plugin userauth
2025-03-25 09:42:22,529 [INFO] UserAuth:118 - Init User Auth plugin
2025-03-25 09:42:22,530 [INFO] PluginManage:359 - Loaded plugin userauth (category:base,tabindex:14)
2025-03-25 09:42:22,530 [INFO] PluginManage:283 - PluginManage : Loaded plugins [18]
2025-03-25 09:42:24,078 [INFO] PinOutPanel:1589 - setPackage(No Configuration,No Configuration)
2025-03-25 09:42:24,181 [INFO] CADModel:165 - CPN selected for project level
2025-03-25 09:42:24,182 [INFO] CADModel:114 - Register for checkConnection events
2025-03-25 09:42:24,232 [INFO] IPUIPlugin:80 - create IPUIPlugin
2025-03-25 09:42:24,232 [INFO] PluginManager:220 - loadIPPluginJar : add gtzc
2025-03-25 09:42:24,244 [INFO] IPUIPlugin:80 - create IPUIPlugin
2025-03-25 09:42:24,245 [INFO] PluginManager:220 - loadIPPluginJar : add comp
2025-03-25 09:42:24,266 [INFO] IPUIPlugin:80 - create IPUIPlugin
2025-03-25 09:42:24,266 [INFO] PluginManager:220 - loadIPPluginJar : add opamp
2025-03-25 09:42:24,269 [INFO] IPUIPlugin:80 - create IPUIPlugin
2025-03-25 09:42:24,269 [INFO] PluginManager:220 - loadIPPluginJar : add tracer_emb
2025-03-25 09:42:24,293 [INFO] IPUIPlugin:80 - create IPUIPlugin
2025-03-25 09:42:24,293 [INFO] PluginManager:220 - loadIPPluginJar : add ddr_ctrl_phy
2025-03-25 09:42:24,295 [INFO] IPUIPlugin:80 - create IPUIPlugin
2025-03-25 09:42:24,296 [INFO] PluginManager:220 - loadIPPluginJar : add tim
2025-03-25 09:42:24,298 [INFO] IPUIPlugin:80 - create IPUIPlugin
2025-03-25 09:42:24,298 [INFO] PluginManager:220 - loadIPPluginJar : add radio
2025-03-25 09:42:24,318 [INFO] IPUIPlugin:80 - create IPUIPlugin
2025-03-25 09:42:24,319 [INFO] PluginManager:220 - loadIPPluginJar : add dma
2025-03-25 09:42:24,322 [INFO] IPUIPlugin:80 - create IPUIPlugin
2025-03-25 09:42:24,322 [INFO] PluginManager:220 - loadIPPluginJar : add pdm2pcm
2025-03-25 09:42:24,331 [INFO] IPUIPlugin:80 - create IPUIPlugin
2025-03-25 09:42:24,331 [INFO] PluginManager:220 - loadIPPluginJar : add ipddr
2025-03-25 09:42:24,335 [INFO] IPUIPlugin:80 - create IPUIPlugin
2025-03-25 09:42:24,335 [INFO] PluginManager:220 - loadIPPluginJar : add touchsensing
2025-03-25 09:42:24,353 [INFO] IPUIPlugin:80 - create IPUIPlugin
2025-03-25 09:42:24,353 [INFO] PluginManager:220 - loadIPPluginJar : add resmgrutility
2025-03-25 09:42:24,356 [INFO] IPUIPlugin:80 - create IPUIPlugin
2025-03-25 09:42:24,356 [INFO] PluginManager:220 - loadIPPluginJar : add cryp
2025-03-25 09:42:24,359 [INFO] IPUIPlugin:80 - create IPUIPlugin
2025-03-25 09:42:24,359 [INFO] PluginManager:220 - loadIPPluginJar : add i3c
2025-03-25 09:42:24,363 [INFO] IPUIPlugin:80 - create IPUIPlugin
2025-03-25 09:42:24,363 [INFO] PluginManager:220 - loadIPPluginJar : add sai
2025-03-25 09:42:24,365 [INFO] IPUIPlugin:80 - create IPUIPlugin
2025-03-25 09:42:24,365 [INFO] PluginManager:220 - loadIPPluginJar : add tsc
2025-03-25 09:42:24,366 [INFO] IPUIPlugin:80 - create IPUIPlugin
2025-03-25 09:42:24,366 [INFO] PluginManager:220 - loadIPPluginJar : add quadspi
2025-03-25 09:42:24,369 [INFO] IPUIPlugin:80 - create IPUIPlugin
2025-03-25 09:42:24,369 [INFO] PluginManager:220 - loadIPPluginJar : add hash
2025-03-25 09:42:24,414 [INFO] IPUIPlugin:80 - create IPUIPlugin
2025-03-25 09:42:24,414 [INFO] PluginManager:220 - loadIPPluginJar : add nvic
2025-03-25 09:42:24,417 [INFO] IPUIPlugin:80 - create IPUIPlugin
2025-03-25 09:42:24,417 [INFO] PluginManager:220 - loadIPPluginJar : add i2s
2025-03-25 09:42:24,447 [INFO] IPUIPlugin:80 - create IPUIPlugin
2025-03-25 09:42:24,447 [INFO] PluginManager:220 - loadIPPluginJar : add usart
2025-03-25 09:42:24,449 [INFO] IPUIPlugin:80 - create IPUIPlugin
2025-03-25 09:42:24,450 [INFO] PluginManager:220 - loadIPPluginJar : add lorawan
2025-03-25 09:42:24,457 [INFO] IPUIPlugin:80 - create IPUIPlugin
2025-03-25 09:42:24,457 [INFO] PluginManager:220 - loadIPPluginJar : add ucpd
2025-03-25 09:42:24,463 [INFO] IPUIPlugin:80 - create IPUIPlugin
2025-03-25 09:42:24,463 [INFO] PluginManager:220 - loadIPPluginJar : add stm32_wpan
2025-03-25 09:42:24,467 [INFO] IPUIPlugin:80 - create IPUIPlugin
2025-03-25 09:42:24,467 [INFO] PluginManager:220 - loadIPPluginJar : add fmc
2025-03-25 09:42:24,469 [INFO] IPUIPlugin:80 - create IPUIPlugin
2025-03-25 09:42:24,469 [INFO] PluginManager:220 - loadIPPluginJar : add spi
2025-03-25 09:42:24,471 [INFO] IPUIPlugin:80 - create IPUIPlugin
2025-03-25 09:42:24,471 [INFO] PluginManager:220 - loadIPPluginJar : add ts
2025-03-25 09:42:24,504 [INFO] IPUIPlugin:80 - create IPUIPlugin
2025-03-25 09:42:24,504 [INFO] PluginManager:220 - loadIPPluginJar : add freertos
2025-03-25 09:42:24,509 [INFO] IPUIPlugin:80 - create IPUIPlugin
2025-03-25 09:42:24,509 [INFO] PluginManager:220 - loadIPPluginJar : add gic
2025-03-25 09:42:24,512 [INFO] IPUIPlugin:80 - create IPUIPlugin
2025-03-25 09:42:24,512 [INFO] PluginManager:220 - loadIPPluginJar : add dfsdm
2025-03-25 09:42:24,552 [INFO] IPUIPlugin:80 - create IPUIPlugin
2025-03-25 09:42:24,552 [INFO] PluginManager:220 - loadIPPluginJar : add mdma
2025-03-25 09:42:24,553 [INFO] IPUIPlugin:80 - create IPUIPlugin
2025-03-25 09:42:24,553 [INFO] PluginManager:220 - loadIPPluginJar : add fatfs
2025-03-25 09:42:24,555 [INFO] IPUIPlugin:80 - create IPUIPlugin
2025-03-25 09:42:24,555 [INFO] PluginManager:220 - loadIPPluginJar : add dma3
2025-03-25 09:42:24,558 [INFO] IPUIPlugin:80 - create IPUIPlugin
2025-03-25 09:42:24,558 [INFO] PluginManager:220 - loadIPPluginJar : add extmemmanager
2025-03-25 09:42:24,565 [INFO] IPUIPlugin:80 - create IPUIPlugin
2025-03-25 09:42:24,565 [INFO] PluginManager:220 - loadIPPluginJar : add adc
2025-03-25 09:42:24,567 [INFO] IPUIPlugin:80 - create IPUIPlugin
2025-03-25 09:42:24,568 [INFO] PluginManager:220 - loadIPPluginJar : add gfxmmu
2025-03-25 09:42:24,615 [INFO] IPUIPlugin:80 - create IPUIPlugin
2025-03-25 09:42:24,615 [INFO] PluginManager:220 - loadIPPluginJar : add gpio
2025-03-25 09:42:24,621 [INFO] IPUIPlugin:80 - create IPUIPlugin
2025-03-25 09:42:24,621 [INFO] PluginManager:220 - loadIPPluginJar : add linkedlist
2025-03-25 09:42:24,623 [INFO] IPUIPlugin:80 - create IPUIPlugin
2025-03-25 09:42:24,623 [INFO] PluginManager:220 - loadIPPluginJar : add ltdc
2025-03-25 09:42:24,625 [INFO] IPUIPlugin:80 - create IPUIPlugin
2025-03-25 09:42:24,625 [INFO] PluginManager:220 - loadIPPluginJar : add i2c
2025-03-25 09:42:24,627 [INFO] IPUIPlugin:80 - create IPUIPlugin
2025-03-25 09:42:24,628 [INFO] PluginManager:220 - loadIPPluginJar : add can
2025-03-25 09:42:24,630 [INFO] IPUIPlugin:80 - create IPUIPlugin
2025-03-25 09:42:24,630 [INFO] PluginManager:220 - loadIPPluginJar : add openamp
2025-03-25 09:42:24,633 [INFO] IPUIPlugin:80 - create IPUIPlugin
2025-03-25 09:42:24,633 [INFO] PluginManager:220 - loadIPPluginJar : add aes
2025-03-25 09:42:24,634 [INFO] IPUIPlugin:80 - create IPUIPlugin
2025-03-25 09:42:24,634 [INFO] PluginManager:220 - loadIPPluginJar : add genericplugin
2025-03-25 09:42:24,684 [INFO] IPUIPlugin:80 - create IPUIPlugin
2025-03-25 09:42:24,686 [INFO] PluginManager:220 - loadIPPluginJar : add plateformsettings
2025-03-25 09:42:24,689 [INFO] IPUIPlugin:80 - create IPUIPlugin
2025-03-25 09:42:24,689 [INFO] PluginManager:220 - loadIPPluginJar : add usbx
2025-03-25 09:42:24,805 [FATAL] Updater:351 - Updater called before beeing initialized
2025-03-25 09:42:24,835 [INFO] RulesReader:64 - Compatibility file has been processed (301 Rules)
2025-03-25 09:42:24,843 [INFO] RulesReader:64 - Compatibility file has been processed (301 Rules)
2025-03-25 09:42:24,849 [INFO] CADModel:165 - CPN selected for project level
2025-03-25 09:42:24,849 [INFO] CADModel:114 - Register for checkConnection events
2025-03-25 09:42:24,849 [FATAL] Updater:351 - Updater called before beeing initialized
2025-03-25 09:42:24,849 [ERROR] CADModel:125 - Updater not yet initialized, retry later 
2025-03-25 09:42:25,089 [INFO] ThirdPartyUpdaterWithRetryManager:70 - Updater plugin not ready yet. [2/15]
2025-03-25 09:42:25,739 [FATAL] Updater:351 - Updater called before beeing initialized
2025-03-25 09:42:25,741 [INFO] CADModel:165 - CPN selected for project level
2025-03-25 09:42:25,741 [INFO] CADModel:114 - Register for checkConnection events
2025-03-25 09:42:25,742 [FATAL] Updater:351 - Updater called before beeing initialized
2025-03-25 09:42:25,742 [ERROR] CADModel:125 - Updater not yet initialized, retry later 
2025-03-25 09:42:25,745 [FATAL] Updater:351 - Updater called before beeing initialized
2025-03-25 09:42:25,826 [FATAL] Updater:351 - Updater called before beeing initialized
2025-03-25 09:42:25,867 [INFO] DbMcusAds:53 - JSON generation date=Thu Mar 06 20:24:21 IST 2025 (1741272861825)
2025-03-25 09:42:25,867 [FATAL] Updater:351 - Updater called before beeing initialized
2025-03-25 09:42:26,031 [WARN] DetailPanel:346 - Failed to get advertising image, set to default
2025-03-25 09:42:26,253 [FATAL] Updater:351 - Updater called before beeing initialized
2025-03-25 09:42:26,254 [FATAL] Updater:351 - Updater called before beeing initialized
2025-03-25 09:42:26,255 [FATAL] Updater:351 - Updater called before beeing initialized
2025-03-25 09:42:26,255 [WARN] DetailPanel:346 - Failed to get advertising image, set to default
2025-03-25 09:42:26,255 [FATAL] Updater:351 - Updater called before beeing initialized
2025-03-25 09:42:26,324 [ERROR] Updater:1198 - MainUpdater not yet initialized. External WinMGr cannot be set.
2025-03-25 09:42:26,332 [INFO] Updater:1134 - Updater Version found : 6.14.0
2025-03-25 09:42:26,349 [INFO] ApplicationProperties:184 - Using Application install path: /opt/st/stm32cubeide_1.18.0/plugins/com.st.stm32cube.common.mx_6.14.0.202502271554
2025-03-25 09:42:26,747 [INFO] MainUpdater:2872 - connection check result : 10
2025-03-25 09:42:26,748 [INFO] MainUpdater:289 - Updater Check For Update Now.
2025-03-25 09:42:26,748 [INFO] MicroXplorer:498 - Change Database Version : DB.6.0.140
2025-03-25 09:42:26,768 [INFO] McuFinderGlobals:63 - Set McuFinder mode to 2 (CubeIDE integrated)
2025-03-25 09:42:26,768 [INFO] UserAuth:171 - activating auth plugin
2025-03-25 09:42:26,816 [INFO] UserAuth:486 - Internet connection configuration mode: 1
2025-03-25 09:42:27,006 [INFO] JxBrowserEngine:152 - Initiate JxBrowser Engine with user profile folder
2025-03-25 09:42:27,089 [INFO] CheckServerUpdateThread:120 - End of CheckServer Thread
2025-03-25 09:42:29,417 [WARN] PackLoader:240 - Cannot read IP mode file for STMicroelectronics.FP-SNS-MOTENVWB1.1.4.0
2025-03-25 09:42:29,434 [WARN] PackLoader:240 - Cannot read IP mode file for STMicroelectronics.FP-ATR-ASTRA1.2.0.2
2025-03-25 09:42:29,478 [WARN] PackLoader:240 - Cannot read IP mode file for STMicroelectronics.X-CUBE-SMBUS.2.1.0
2025-03-25 09:42:29,585 [WARN] PackLoader:240 - Cannot read IP mode file for STMicroelectronics.X-CUBE-WB05N.1.1.0
2025-03-25 09:42:29,731 [WARN] PackLoader:240 - Cannot read IP mode file for STMicroelectronics.X-CUBE-AZRTOS-F7.1.1.0
2025-03-25 09:42:29,755 [WARN] PackLoader:240 - Cannot read IP mode file for STMicroelectronics.FP-SNS-FLIGHT1.5.0.2
2025-03-25 09:42:29,887 [WARN] PackLoader:240 - Cannot read IP mode file for Infineon.AIROC-Wi-Fi-Bluetooth-STM32.1.7.0
2025-03-25 09:42:29,965 [WARN] PackLoader:240 - Cannot read IP mode file for STMicroelectronics.X-CUBE-DISPLAY.3.0.0
2025-03-25 09:42:30,013 [WARN] PackLoader:240 - Cannot read IP mode file for STMicroelectronics.X-CUBE-BLE1.7.0.0
2025-03-25 09:42:30,040 [WARN] PackLoader:240 - Cannot read IP mode file for STMicroelectronics.X-CUBE-NFC10.1.0.0
2025-03-25 09:42:30,077 [WARN] PackLoader:240 - Cannot read IP mode file for STMicroelectronics.X-CUBE-BLEMGR.4.0.0
2025-03-25 09:42:30,110 [WARN] PackLoader:240 - Cannot read IP mode file for emotas.I-CUBE-CANOPEN.1.3.0
2025-03-25 09:42:30,143 [WARN] PackLoader:240 - Cannot read IP mode file for STMicroelectronics.X-CUBE-AI.10.0.0
2025-03-25 09:42:30,154 [WARN] PackLoader:240 - Cannot read IP mode file for STMicroelectronics.FP-SNS-SMARTAG2.1.2.0
2025-03-25 09:42:30,193 [WARN] PackLoader:240 - Cannot read IP mode file for STMicroelectronics.FP-SNS-FLIGHT1.5.1.0
2025-03-25 09:42:30,309 [WARN] PackLoader:240 - Cannot read IP mode file for STMicroelectronics.X-CUBE-MEMS1.11.1.0
2025-03-25 09:42:30,519 [INFO] LogOutputStream:77 - [STDOUT_REDIRECT] 1 : Invalid condition id : UX_CORESTACK_Condition cause : null
2025-03-25 09:42:30,520 [INFO] LogOutputStream:77 - [STDOUT_REDIRECT] 1 : Invalid condition id : UX_CORESTACK_Condition cause : null
2025-03-25 09:42:30,520 [INFO] LogOutputStream:77 - [STDOUT_REDIRECT] 1 : Invalid condition id : UX_CORESTACK_Condition cause : null
2025-03-25 09:42:30,520 [INFO] LogOutputStream:77 - [STDOUT_REDIRECT] 1 : Invalid condition id : UX_CORESTACK_Condition cause : null
2025-03-25 09:42:30,520 [INFO] LogOutputStream:77 - [STDOUT_REDIRECT] 1 : Invalid condition id : UX_CORESTACK_Condition cause : null
2025-03-25 09:42:30,522 [WARN] PackLoader:240 - Cannot read IP mode file for STMicroelectronics.X-CUBE-AZRTOS-WL.2.0.0
2025-03-25 09:42:30,541 [WARN] PackLoader:240 - Cannot read IP mode file for STMicroelectronics.FP-SNS-MOTENV1.5.0.0
2025-03-25 09:42:30,568 [WARN] PackLoader:240 - Cannot read IP mode file for WES.I-CUBE-Cesium.1.3.0
2025-03-25 09:42:30,700 [WARN] PackLoader:240 - Cannot read IP mode file for STMicroelectronics.X-CUBE-BLE2.3.3.0
2025-03-25 09:42:30,704 [WARN] PackLoader:240 - Cannot read IP mode file for STMicroelectronics.X-CUBE-NFC9.1.0.0
2025-03-25 09:42:30,741 [WARN] PackLoader:240 - Cannot read IP mode file for STMicroelectronics.X-CUBE-BLE1.7.1.0
2025-03-25 09:42:30,765 [WARN] PackLoader:240 - Cannot read IP mode file for wolfSSL.I-CUBE-wolfMQTT.1.19.2
2025-03-25 09:42:30,884 [WARN] PackLoader:240 - Cannot read IP mode file for STMicroelectronics.X-CUBE-AZRTOS-G0.1.1.0
2025-03-25 09:42:30,888 [WARN] PackLoader:240 - Cannot read IP mode file for STMicroelectronics.X-CUBE-SAFEA1.1.2.2
2025-03-25 09:42:31,045 [WARN] PackLoader:240 - Cannot read IP mode file for STMicroelectronics.X-CUBE-NFC4.3.0.0
2025-03-25 09:42:31,075 [WARN] PackLoader:240 - Cannot read IP mode file for EmbeddedOffice.I-CUBE-FS-RTOS.1.0.1
2025-03-25 09:42:31,102 [WARN] PackLoader:240 - Cannot read IP mode file for wolfSSL.I-CUBE-wolfTPM.3.8.0
2025-03-25 09:42:31,105 [WARN] PackLoader:240 - Cannot read IP mode file for STMicroelectronics.X-CUBE-TCPP.4.2.0
2025-03-25 09:42:31,109 [WARN] PackLoader:240 - Cannot read IP mode file for RealThread.X-CUBE-RT-Thread_Nano.4.1.1
2025-03-25 09:42:31,182 [WARN] PackLoader:240 - Cannot read IP mode file for STMicroelectronics.FP-ATR-SIGFOX1.3.2.0
2025-03-25 09:42:31,194 [WARN] ConditionMgr:438 - getConditionDescription Invalid condition id : Cortex-A Device cause : null
2025-03-25 09:42:31,266 [WARN] ConditionMgr:1044 - genDependencies : Invalid condition id : Cortex-A Device cause : null
2025-03-25 09:42:31,266 [WARN] ConditionMgr:1044 - genDependencies : Invalid condition id : Cortex-A Device cause : null
2025-03-25 09:42:31,266 [WARN] ConditionMgr:1044 - genDependencies : Invalid condition id : Cortex-A Device cause : null
2025-03-25 09:42:31,317 [WARN] PackLoader:240 - Cannot read IP mode file for STMicroelectronics.X-CUBE-EEPRMA1.5.1.0
2025-03-25 09:42:31,347 [WARN] PackLoader:240 - Cannot read IP mode file for wolfSSL.I-CUBE-wolfSSL.5.7.6
2025-03-25 09:42:31,351 [WARN] PackLoader:240 - Cannot read IP mode file for ITTIA_DB.I-CUBE-ITTIADB.8.9.0
2025-03-25 09:42:31,389 [WARN] PackLoader:240 - Cannot read IP mode file for SEGGER.I-CUBE-embOS.1.3.1
2025-03-25 09:42:31,443 [WARN] PackLoader:240 - Cannot read IP mode file for STMicroelectronics.X-CUBE-ALGOBUILD.1.4.0
2025-03-25 09:42:31,562 [WARN] PackLoader:240 - Cannot read IP mode file for STMicroelectronics.X-CUBE-AZRTOS-F4.1.1.0
2025-03-25 09:42:31,584 [WARN] PackLoader:240 - Cannot read IP mode file for STMicroelectronics.X-CUBE-ISPU.2.1.0
2025-03-25 09:42:31,690 [WARN] PackLoader:240 - Cannot read IP mode file for STMicroelectronics.X-CUBE-AZRTOS-L5.2.0.0
2025-03-25 09:42:31,697 [WARN] PackLoader:240 - Cannot read IP mode file for STMicroelectronics.X-CUBE-NFC6.3.1.0
2025-03-25 09:42:31,714 [WARN] PackLoader:240 - Cannot read IP mode file for STMicroelectronics.X-CUBE-DPower.1.2.0
2025-03-25 09:42:31,718 [WARN] PackLoader:240 - Cannot read IP mode file for STMicroelectronics.X-CUBE-FREERTOS.1.3.0
2025-03-25 09:42:31,721 [WARN] PackLoader:240 - Cannot read IP mode file for STMicroelectronics.X-CUBE-NFC7.1.0.1
2025-03-25 09:42:31,828 [WARN] ConditionMgr:438 - getConditionDescription Invalid condition id : LAN8742 Phy interface Condition cause : null
2025-03-25 09:42:31,828 [WARN] PackLoader:240 - Cannot read IP mode file for STMicroelectronics.X-CUBE-AZRTOS-L4.2.0.0
2025-03-25 09:42:31,829 [WARN] ConditionMgr:1044 - genDependencies : Invalid condition id : LAN8742 Phy interface Condition cause : null
2025-03-25 09:42:31,830 [WARN] ConditionMgr:1044 - genDependencies : Invalid condition id : LAN8742 Phy interface Condition cause : null
2025-03-25 09:42:31,830 [WARN] ConditionMgr:1044 - genDependencies : Invalid condition id : LAN8742 Phy interface Condition cause : null
2025-03-25 09:42:31,894 [WARN] PackLoader:240 - Cannot read IP mode file for STMicroelectronics.X-CUBE-SFXS2LP1.4.0.0
2025-03-25 09:42:32,074 [WARN] PackLoader:240 - Cannot read IP mode file for STMicroelectronics.X-CUBE-AZRTOS-H7.3.3.0
2025-03-25 09:42:32,148 [WARN] ConditionMgr:438 - getConditionDescription Invalid condition id : UX DEVICE CLASS RTOS Condition cause : null
2025-03-25 09:42:32,149 [WARN] ConditionMgr:438 - getConditionDescription Invalid condition id : UX DEVICE CLASS RTOS Condition cause : null
2025-03-25 09:42:32,150 [WARN] PackLoader:240 - Cannot read IP mode file for STMicroelectronics.X-CUBE-AZRTOS-WB.2.0.0
2025-03-25 09:42:32,150 [WARN] ConditionMgr:1044 - genDependencies : Invalid condition id : UX DEVICE CLASS RTOS Condition cause : null
2025-03-25 09:42:32,150 [WARN] ConditionMgr:1044 - genDependencies : Invalid condition id : UX DEVICE CLASS RTOS Condition cause : null
2025-03-25 09:42:32,150 [WARN] ConditionMgr:1044 - genDependencies : Invalid condition id : UX DEVICE CLASS RTOS Condition cause : null
2025-03-25 09:42:32,150 [WARN] ConditionMgr:1044 - genDependencies : Invalid condition id : UX DEVICE CLASS RTOS Condition cause : null
2025-03-25 09:42:32,150 [WARN] ConditionMgr:1044 - genDependencies : Invalid condition id : UX DEVICE CLASS RTOS Condition cause : null
2025-03-25 09:42:32,170 [WARN] PackLoader:240 - Cannot read IP mode file for STMicroelectronics.X-CUBE-GNSS1.7.0.1
2025-03-25 09:42:32,198 [WARN] PackLoader:240 - Cannot read IP mode file for STMicroelectronics.X-CUBE-TOUCHGFX.4.25.0
2025-03-25 09:42:32,266 [WARN] PackLoader:240 - Cannot read IP mode file for STMicroelectronics.FP-SNS-STBOX1.2.0.0
2025-03-25 09:42:32,345 [WARN] PackLoader:240 - Cannot read IP mode file for STMicroelectronics.X-CUBE-SUBG2.5.0.0
2025-03-25 09:42:32,419 [WARN] PackLoader:240 - Cannot read IP mode file for STMicroelectronics.X-CUBE-AZRTOS-H7RS.1.1.0
2025-03-25 09:42:32,423 [WARN] PackLoader:240 - Cannot read IP mode file for Cesanta.I-CUBE-Mongoose.7.13.0
2025-03-25 09:42:32,518 [WARN] PackLoader:240 - Cannot read IP mode file for STMicroelectronics.X-CUBE-AZRTOS-G4.2.0.0
2025-03-25 09:42:32,521 [WARN] PackLoader:240 - Cannot read IP mode file for wolfSSL.I-CUBE-wolfSSH.1.4.20
2025-03-25 09:42:32,567 [WARN] PackLoader:240 - Cannot read IP mode file for STMicroelectronics.X-CUBE-IPS.3.1.0
2025-03-25 09:42:32,572 [WARN] PackLoader:240 - Cannot read IP mode file for STMicroelectronics.X-CUBE-ALS.1.0.2
2025-03-25 09:42:32,574 [WARN] PackLoader:240 - Cannot read IP mode file for STMicroelectronics.X-CUBE-TOUCHGFX.4.24.2
2025-03-25 09:42:32,602 [WARN] PackLoader:240 - Cannot read IP mode file for portGmbH.I-Cube-SoM-uGOAL.1.1.0
2025-03-25 09:42:32,835 [WARN] PackLoader:240 - Cannot read IP mode file for STMicroelectronics.X-CUBE-AZRTOS-H7RS.1.0.0
2025-03-25 09:42:32,957 [WARN] PackLoader:240 - Cannot read IP mode file for STMicroelectronics.X-CUBE-TOF1.3.4.2
2025-03-25 09:42:32,962 [INFO] ThirdParty:978 - Integrity check success = true
2025-03-25 09:42:32,962 [INFO] IntegrityCheckThread:100 - exiting critical section [integrity check]
2025-03-25 09:42:32,962 [INFO] IntegrityCheckThread:103 - End integrity checks thread
2025-03-25 09:43:01,469 [INFO] WebApp:169 - Instantiating new browser for Auth
2025-03-25 09:43:17,618 [INFO] WebApp:463 - Apply proxy settings
2025-03-25 09:43:17,618 [INFO] WebApp:548 - Chromium requires no authentication
2025-03-25 09:43:17,623 [INFO] WebApp:491 - Direct internet connection detected
2025-03-25 09:43:18,071 [INFO] WebApp:894 - Register for checkConnection events
2025-03-25 09:43:18,071 [INFO] WebApp:463 - Apply proxy settings
2025-03-25 09:43:18,071 [INFO] WebApp:548 - Chromium requires no authentication
2025-03-25 09:43:18,190 [INFO] WebApp:491 - Direct internet connection detected
2025-03-25 09:43:20,862 [INFO] WebApp:225 - Starting web application
2025-03-25 09:43:20,862 [INFO] WebApp:593 - Web application path used /opt/st/stm32cubeide_1.18.0/plugins/com.st.stm32cube.common.mx_6.14.0.202502271554/db/plugins/mcufinder/reactClient1/index.html
2025-03-25 09:43:23,367 [INFO] WebApp:191 - Connection restablished
