2025-03-29 10:04:14,000 [INFO] Activator:176 - 


2025-03-29 10:04:14,004 [INFO] Activator:177 - !SESSION log4j initialized
2025-03-29 10:04:25,848 [INFO] LogOutputStream:77 - [STDOUT_REDIRECT] 
2025-03-29 10:04:30,219 [INFO] ApplicationProperties:184 - Using Application install path: /opt/st/stm32cubeide_1.18.0/plugins/com.st.stm32cube.common.mx_6.14.0.202502271554
2025-03-29 10:04:30,312 [INFO] DbMcusXml:78 - Set database path to: /opt/st/stm32cubeide_1.18.0/plugins/com.st.stm32cube.common.mx_6.14.0.202502271554//db//mcu/
2025-03-29 10:04:30,312 [INFO] ApiDb:274 - Set plugin database path to: /opt/st/stm32cubeide_1.18.0/plugins/com.st.stm32cube.common.mx_6.14.0.202502271554//db//plugins/boardmanager/
2025-03-29 10:04:30,312 [WARN] ApiDb:259 - Overriding images path with different value:  => /opt/st/stm32cubeide_1.18.0/plugins/com.st.stm32cube.common.mx_6.14.0.202502271554//db//plugins/mcufinder/images/
2025-03-29 10:04:30,375 [INFO] ApiDb:250 - Set database path to: /home/tabrez/.stmcufinder/plugins/mcufinder//mcu/
2025-03-29 10:04:30,376 [INFO] DbMcusAds:125 - Set database path to: /home/tabrez/.stmcufinder/plugins/mcufinder//mcu/
2025-03-29 10:04:30,379 [INFO] CrossReferenceDbSqlite:203 - Set database path to: /home/tabrez/.stmcufinder/plugins/mcufinder//mcu/cs/
2025-03-29 10:04:30,602 [INFO] RulesReader:64 - Compatibility file has been processed (301 Rules)
2025-03-29 10:04:30,816 [INFO] DbMcusXml:78 - Set database path to: /opt/st/stm32cubeide_1.18.0/plugins/com.st.stm32cube.common.mx_6.14.0.202502271554//db//mcu/
2025-03-29 10:04:30,816 [INFO] ApiDb:274 - Set plugin database path to: /opt/st/stm32cubeide_1.18.0/plugins/com.st.stm32cube.common.mx_6.14.0.202502271554//db//plugins/boardmanager/
2025-03-29 10:04:30,817 [INFO] ApiDb:261 - Set plugin images path to: /opt/st/stm32cubeide_1.18.0/plugins/com.st.stm32cube.common.mx_6.14.0.202502271554//db//plugins/mcufinder/images/
2025-03-29 10:04:30,817 [WARN] DbFile:41 - Overriding database path with different value: /home/tabrez/.stmcufinder/plugins/mcufinder/ => /home/tabrez/.stmcufinder/plugins/mcufinder
2025-03-29 10:04:30,817 [INFO] ApiDb:250 - Set database path to: /home/tabrez/.stmcufinder/plugins/mcufinder//mcu/
2025-03-29 10:04:30,817 [WARN] DbFile:41 - Overriding database path with different value: /home/tabrez/.stmcufinder/plugins/mcufinder/ => /home/tabrez/.stmcufinder/plugins/mcufinder
2025-03-29 10:04:30,817 [INFO] DbMcusAds:125 - Set database path to: /home/tabrez/.stmcufinder/plugins/mcufinder//mcu/
2025-03-29 10:04:30,817 [WARN] DbFile:41 - Overriding database path with different value: /home/tabrez/.stmcufinder/plugins/mcufinder/ => /home/tabrez/.stmcufinder/plugins/mcufinder
2025-03-29 10:04:30,817 [WARN] DbFile:41 - Overriding database path with different value: /home/tabrez/.stmcufinder/plugins/mcufinder/ => /home/tabrez/.stmcufinder/plugins/mcufinder
2025-03-29 10:04:30,817 [INFO] CrossReferenceDbSqlite:203 - Set database path to: /home/tabrez/.stmcufinder/plugins/mcufinder//mcu/cs/
2025-03-29 10:04:31,004 [INFO] MainPanel:272 - HeapMemory: 268435456
2025-03-29 10:04:31,540 [INFO] DbMcusXml:78 - Set database path to: /opt/st/stm32cubeide_1.18.0/plugins/com.st.stm32cube.common.mx_6.14.0.202502271554//db//mcu/
2025-03-29 10:04:31,540 [INFO] ApiDb:274 - Set plugin database path to: /opt/st/stm32cubeide_1.18.0/plugins/com.st.stm32cube.common.mx_6.14.0.202502271554//db//plugins/boardmanager/
2025-03-29 10:04:31,540 [INFO] ApiDb:261 - Set plugin images path to: /opt/st/stm32cubeide_1.18.0/plugins/com.st.stm32cube.common.mx_6.14.0.202502271554//db//plugins/mcufinder/images/
2025-03-29 10:04:31,541 [WARN] DbFile:41 - Overriding database path with different value: /home/tabrez/.stmcufinder/plugins/mcufinder/ => /home/tabrez/.stmcufinder/plugins/mcufinder
2025-03-29 10:04:31,541 [INFO] ApiDb:250 - Set database path to: /home/tabrez/.stmcufinder/plugins/mcufinder//mcu/
2025-03-29 10:04:31,541 [WARN] DbFile:41 - Overriding database path with different value: /home/tabrez/.stmcufinder/plugins/mcufinder/ => /home/tabrez/.stmcufinder/plugins/mcufinder
2025-03-29 10:04:31,541 [INFO] DbMcusAds:125 - Set database path to: /home/tabrez/.stmcufinder/plugins/mcufinder//mcu/
2025-03-29 10:04:31,541 [WARN] DbFile:41 - Overriding database path with different value: /home/tabrez/.stmcufinder/plugins/mcufinder/ => /home/tabrez/.stmcufinder/plugins/mcufinder
2025-03-29 10:04:31,541 [WARN] DbFile:41 - Overriding database path with different value: /home/tabrez/.stmcufinder/plugins/mcufinder/ => /home/tabrez/.stmcufinder/plugins/mcufinder
2025-03-29 10:04:31,541 [INFO] CrossReferenceDbSqlite:203 - Set database path to: /home/tabrez/.stmcufinder/plugins/mcufinder//mcu/cs/
2025-03-29 10:04:31,571 [INFO] ApplicationProperties:184 - Using Application install path: /opt/st/stm32cubeide_1.18.0/plugins/com.st.stm32cube.common.mx_6.14.0.202502271554
2025-03-29 10:04:31,573 [INFO] PluginManage:196 - Search for loadable plugins [exclusion list=, ]
2025-03-29 10:04:31,593 [INFO] PluginManage:310 - Check plugin analytics
2025-03-29 10:04:32,225 [INFO] AnalyticsPlugin:253 - Accepted Software Licenses: 
2025-03-29 10:04:32,225 [INFO] AnalyticsPlugin:255 - Accepted CMSIS Pack Licenses: 
2025-03-29 10:04:32,225 [INFO] AnalyticsPlugin:257 - Accepted Firmware Licenses: 
2025-03-29 10:04:32,227 [INFO] PluginManage:359 - Loaded plugin analytics (category:tool,tabindex:-1)
2025-03-29 10:04:32,227 [INFO] PluginManage:310 - Check plugin cadmodel
2025-03-29 10:04:32,277 [INFO] CADModel:105 - Init CAD model plugin
2025-03-29 10:04:32,278 [INFO] PluginManage:359 - Loaded plugin cadmodel (category:power,tabindex:5)
2025-03-29 10:04:32,278 [INFO] PluginManage:310 - Check plugin clock
2025-03-29 10:04:32,359 [INFO] PluginManage:359 - Loaded plugin clock (category:base,tabindex:2)
2025-03-29 10:04:32,359 [INFO] PluginManage:310 - Check plugin ddr
2025-03-29 10:04:32,372 [INFO] PluginManage:359 - Loaded plugin ddr (category:tool,tabindex:6)
2025-03-29 10:04:32,372 [INFO] PluginManage:310 - Check plugin filemanager
2025-03-29 10:04:32,607 [INFO] PluginManage:359 - Loaded plugin filemanager (category:base,tabindex:10)
2025-03-29 10:04:32,607 [INFO] PluginManage:310 - Check plugin ipmanager
2025-03-29 10:04:32,716 [INFO] PluginManage:359 - Loaded plugin ipmanager (category:base,tabindex:5)
2025-03-29 10:04:32,716 [INFO] PluginManage:310 - Check plugin lpbam
2025-03-29 10:04:32,991 [INFO] PluginManage:359 - Loaded plugin lpbam (category:base,tabindex:0)
2025-03-29 10:04:32,992 [INFO] PluginManage:310 - Check plugin memorymap
2025-03-29 10:04:33,082 [INFO] PluginManage:359 - Loaded plugin memorymap (category:base,tabindex:4)
2025-03-29 10:04:33,082 [INFO] PluginManage:310 - Check plugin pinoutandconfiguration
2025-03-29 10:04:33,133 [INFO] PluginManage:359 - Loaded plugin pinoutandconfiguration (category:base,tabindex:1)
2025-03-29 10:04:33,133 [INFO] PluginManage:310 - Check plugin pinoutconfig
2025-03-29 10:04:33,310 [WARN] SupportedApi:132 - Cannot load RTOS API schema: s4s-elt-must-match.1: The content of 'definitions' must match (annotation?, (simpleType | complexType)?, (unique | key | keyref)*)). A problem was found starting at: attribute.
2025-03-29 10:04:33,811 [INFO] PluginManage:359 - Loaded plugin pinoutconfig (category:base,tabindex:0)
2025-03-29 10:04:33,811 [INFO] PluginManage:310 - Check plugin power
2025-03-29 10:04:33,867 [INFO] PluginManage:359 - Loaded plugin power (category:power,tabindex:4)
2025-03-29 10:04:33,867 [INFO] PluginManage:310 - Check plugin projectmanager
2025-03-29 10:04:33,905 [INFO] PluginManage:359 - Loaded plugin projectmanager (category:projectmanager,tabindex:4)
2025-03-29 10:04:33,905 [INFO] PluginManage:310 - Check plugin rif
2025-03-29 10:04:33,956 [INFO] PluginManage:359 - Loaded plugin rif (category:base,tabindex:3)
2025-03-29 10:04:33,957 [INFO] PluginManage:310 - Check plugin thirdparty
2025-03-29 10:04:34,628 [INFO] PluginManage:359 - Loaded plugin thirdparty (category:base,tabindex:-1)
2025-03-29 10:04:34,628 [INFO] PluginManage:310 - Check plugin tools
2025-03-29 10:04:34,628 [WARN] IntegrityCheckThread:84 - waiting for thirdparty lock release [integrity check]
2025-03-29 10:04:34,628 [INFO] IntegrityCheckThread:86 - entering critical section [integrity check]
2025-03-29 10:04:34,629 [INFO] ThirdPartyUpdaterWithRetryManager:70 - Updater plugin not ready yet. [1/15]
2025-03-29 10:04:34,660 [INFO] PluginManage:359 - Loaded plugin tools (category:base,tabindex:7)
2025-03-29 10:04:34,661 [INFO] PluginManage:310 - Check plugin tutovideos
2025-03-29 10:04:35,007 [INFO] PluginManage:359 - Loaded plugin tutovideos (category:base,tabindex:-1)
2025-03-29 10:04:35,007 [INFO] PluginManage:310 - Check plugin updater
2025-03-29 10:04:35,046 [INFO] PluginManage:359 - Loaded plugin updater (category:base,tabindex:12)
2025-03-29 10:04:35,046 [INFO] PluginManage:310 - Check plugin userauth
2025-03-29 10:04:35,056 [INFO] UserAuth:118 - Init User Auth plugin
2025-03-29 10:04:35,057 [INFO] PluginManage:359 - Loaded plugin userauth (category:base,tabindex:14)
2025-03-29 10:04:35,058 [INFO] PluginManage:283 - PluginManage : Loaded plugins [18]
2025-03-29 10:04:35,524 [INFO] PinOutPanel:1589 - setPackage(No Configuration,No Configuration)
2025-03-29 10:04:35,656 [INFO] CADModel:165 - CPN selected for project level
2025-03-29 10:04:35,656 [INFO] CADModel:114 - Register for checkConnection events
2025-03-29 10:04:35,711 [INFO] IPUIPlugin:80 - create IPUIPlugin
2025-03-29 10:04:35,711 [INFO] PluginManager:220 - loadIPPluginJar : add gtzc
2025-03-29 10:04:35,723 [INFO] IPUIPlugin:80 - create IPUIPlugin
2025-03-29 10:04:35,724 [INFO] PluginManager:220 - loadIPPluginJar : add comp
2025-03-29 10:04:35,731 [INFO] IPUIPlugin:80 - create IPUIPlugin
2025-03-29 10:04:35,731 [INFO] PluginManager:220 - loadIPPluginJar : add opamp
2025-03-29 10:04:35,734 [INFO] IPUIPlugin:80 - create IPUIPlugin
2025-03-29 10:04:35,734 [INFO] PluginManager:220 - loadIPPluginJar : add tracer_emb
2025-03-29 10:04:35,892 [INFO] IPUIPlugin:80 - create IPUIPlugin
2025-03-29 10:04:35,892 [INFO] PluginManager:220 - loadIPPluginJar : add ddr_ctrl_phy
2025-03-29 10:04:35,925 [INFO] IPUIPlugin:80 - create IPUIPlugin
2025-03-29 10:04:35,925 [INFO] PluginManager:220 - loadIPPluginJar : add tim
2025-03-29 10:04:35,948 [INFO] IPUIPlugin:80 - create IPUIPlugin
2025-03-29 10:04:35,948 [INFO] PluginManager:220 - loadIPPluginJar : add radio
2025-03-29 10:04:36,139 [INFO] IPUIPlugin:80 - create IPUIPlugin
2025-03-29 10:04:36,139 [INFO] PluginManager:220 - loadIPPluginJar : add dma
2025-03-29 10:04:36,198 [INFO] IPUIPlugin:80 - create IPUIPlugin
2025-03-29 10:04:36,199 [INFO] PluginManager:220 - loadIPPluginJar : add pdm2pcm
2025-03-29 10:04:36,312 [INFO] IPUIPlugin:80 - create IPUIPlugin
2025-03-29 10:04:36,312 [INFO] PluginManager:220 - loadIPPluginJar : add ipddr
2025-03-29 10:04:36,555 [INFO] IPUIPlugin:80 - create IPUIPlugin
2025-03-29 10:04:36,555 [INFO] PluginManager:220 - loadIPPluginJar : add touchsensing
2025-03-29 10:04:36,839 [INFO] IPUIPlugin:80 - create IPUIPlugin
2025-03-29 10:04:36,839 [INFO] PluginManager:220 - loadIPPluginJar : add resmgrutility
2025-03-29 10:04:36,842 [INFO] IPUIPlugin:80 - create IPUIPlugin
2025-03-29 10:04:36,842 [INFO] PluginManager:220 - loadIPPluginJar : add cryp
2025-03-29 10:04:36,845 [INFO] IPUIPlugin:80 - create IPUIPlugin
2025-03-29 10:04:36,845 [INFO] PluginManager:220 - loadIPPluginJar : add i3c
2025-03-29 10:04:36,848 [INFO] IPUIPlugin:80 - create IPUIPlugin
2025-03-29 10:04:36,848 [INFO] PluginManager:220 - loadIPPluginJar : add sai
2025-03-29 10:04:36,850 [INFO] IPUIPlugin:80 - create IPUIPlugin
2025-03-29 10:04:36,850 [INFO] PluginManager:220 - loadIPPluginJar : add tsc
2025-03-29 10:04:36,852 [INFO] IPUIPlugin:80 - create IPUIPlugin
2025-03-29 10:04:36,852 [INFO] PluginManager:220 - loadIPPluginJar : add quadspi
2025-03-29 10:04:36,854 [INFO] IPUIPlugin:80 - create IPUIPlugin
2025-03-29 10:04:36,854 [INFO] PluginManager:220 - loadIPPluginJar : add hash
2025-03-29 10:04:37,629 [INFO] ThirdPartyUpdaterWithRetryManager:70 - Updater plugin not ready yet. [2/15]
2025-03-29 10:04:37,877 [INFO] IPUIPlugin:80 - create IPUIPlugin
2025-03-29 10:04:37,877 [INFO] PluginManager:220 - loadIPPluginJar : add nvic
2025-03-29 10:04:37,879 [INFO] IPUIPlugin:80 - create IPUIPlugin
2025-03-29 10:04:37,879 [INFO] PluginManager:220 - loadIPPluginJar : add i2s
2025-03-29 10:04:38,116 [INFO] IPUIPlugin:80 - create IPUIPlugin
2025-03-29 10:04:38,117 [INFO] PluginManager:220 - loadIPPluginJar : add usart
2025-03-29 10:04:38,120 [INFO] IPUIPlugin:80 - create IPUIPlugin
2025-03-29 10:04:38,120 [INFO] PluginManager:220 - loadIPPluginJar : add lorawan
2025-03-29 10:04:38,358 [INFO] IPUIPlugin:80 - create IPUIPlugin
2025-03-29 10:04:38,358 [INFO] PluginManager:220 - loadIPPluginJar : add ucpd
2025-03-29 10:04:39,406 [INFO] IPUIPlugin:80 - create IPUIPlugin
2025-03-29 10:04:39,406 [INFO] PluginManager:220 - loadIPPluginJar : add stm32_wpan
2025-03-29 10:04:39,759 [INFO] IPUIPlugin:80 - create IPUIPlugin
2025-03-29 10:04:39,759 [INFO] PluginManager:220 - loadIPPluginJar : add fmc
2025-03-29 10:04:39,765 [INFO] IPUIPlugin:80 - create IPUIPlugin
2025-03-29 10:04:39,765 [INFO] PluginManager:220 - loadIPPluginJar : add spi
2025-03-29 10:04:39,864 [INFO] IPUIPlugin:80 - create IPUIPlugin
2025-03-29 10:04:39,864 [INFO] PluginManager:220 - loadIPPluginJar : add ts
2025-03-29 10:04:40,178 [INFO] IPUIPlugin:80 - create IPUIPlugin
2025-03-29 10:04:40,178 [INFO] PluginManager:220 - loadIPPluginJar : add freertos
2025-03-29 10:04:40,276 [INFO] IPUIPlugin:80 - create IPUIPlugin
2025-03-29 10:04:40,276 [INFO] PluginManager:220 - loadIPPluginJar : add gic
2025-03-29 10:04:40,279 [INFO] IPUIPlugin:80 - create IPUIPlugin
2025-03-29 10:04:40,279 [INFO] PluginManager:220 - loadIPPluginJar : add dfsdm
2025-03-29 10:04:40,630 [INFO] ThirdPartyUpdaterWithRetryManager:70 - Updater plugin not ready yet. [3/15]
2025-03-29 10:04:40,654 [INFO] IPUIPlugin:80 - create IPUIPlugin
2025-03-29 10:04:40,655 [INFO] PluginManager:220 - loadIPPluginJar : add mdma
2025-03-29 10:04:40,738 [INFO] IPUIPlugin:80 - create IPUIPlugin
2025-03-29 10:04:40,738 [INFO] PluginManager:220 - loadIPPluginJar : add fatfs
2025-03-29 10:04:40,741 [INFO] IPUIPlugin:80 - create IPUIPlugin
2025-03-29 10:04:40,741 [INFO] PluginManager:220 - loadIPPluginJar : add dma3
2025-03-29 10:04:40,795 [INFO] IPUIPlugin:80 - create IPUIPlugin
2025-03-29 10:04:40,795 [INFO] PluginManager:220 - loadIPPluginJar : add extmemmanager
2025-03-29 10:04:40,802 [INFO] IPUIPlugin:80 - create IPUIPlugin
2025-03-29 10:04:40,802 [INFO] PluginManager:220 - loadIPPluginJar : add adc
2025-03-29 10:04:40,804 [INFO] IPUIPlugin:80 - create IPUIPlugin
2025-03-29 10:04:40,804 [INFO] PluginManager:220 - loadIPPluginJar : add gfxmmu
2025-03-29 10:04:40,863 [INFO] IPUIPlugin:80 - create IPUIPlugin
2025-03-29 10:04:40,863 [INFO] PluginManager:220 - loadIPPluginJar : add gpio
2025-03-29 10:04:40,870 [INFO] IPUIPlugin:80 - create IPUIPlugin
2025-03-29 10:04:40,870 [INFO] PluginManager:220 - loadIPPluginJar : add linkedlist
2025-03-29 10:04:40,871 [INFO] IPUIPlugin:80 - create IPUIPlugin
2025-03-29 10:04:40,871 [INFO] PluginManager:220 - loadIPPluginJar : add ltdc
2025-03-29 10:04:40,874 [INFO] IPUIPlugin:80 - create IPUIPlugin
2025-03-29 10:04:40,874 [INFO] PluginManager:220 - loadIPPluginJar : add i2c
2025-03-29 10:04:40,876 [INFO] IPUIPlugin:80 - create IPUIPlugin
2025-03-29 10:04:40,876 [INFO] PluginManager:220 - loadIPPluginJar : add can
2025-03-29 10:04:40,879 [INFO] IPUIPlugin:80 - create IPUIPlugin
2025-03-29 10:04:40,879 [INFO] PluginManager:220 - loadIPPluginJar : add openamp
2025-03-29 10:04:40,883 [INFO] IPUIPlugin:80 - create IPUIPlugin
2025-03-29 10:04:40,883 [INFO] PluginManager:220 - loadIPPluginJar : add aes
2025-03-29 10:04:40,885 [INFO] IPUIPlugin:80 - create IPUIPlugin
2025-03-29 10:04:40,885 [INFO] PluginManager:220 - loadIPPluginJar : add genericplugin
2025-03-29 10:04:40,893 [INFO] IPUIPlugin:80 - create IPUIPlugin
2025-03-29 10:04:40,896 [INFO] PluginManager:220 - loadIPPluginJar : add plateformsettings
2025-03-29 10:04:40,900 [INFO] IPUIPlugin:80 - create IPUIPlugin
2025-03-29 10:04:40,900 [INFO] PluginManager:220 - loadIPPluginJar : add usbx
2025-03-29 10:04:41,020 [FATAL] Updater:351 - Updater called before beeing initialized
2025-03-29 10:04:41,073 [INFO] RulesReader:64 - Compatibility file has been processed (301 Rules)
2025-03-29 10:04:41,082 [INFO] RulesReader:64 - Compatibility file has been processed (301 Rules)
2025-03-29 10:04:41,089 [INFO] CADModel:165 - CPN selected for project level
2025-03-29 10:04:41,089 [INFO] CADModel:114 - Register for checkConnection events
2025-03-29 10:04:41,089 [FATAL] Updater:351 - Updater called before beeing initialized
2025-03-29 10:04:41,089 [ERROR] CADModel:125 - Updater not yet initialized, retry later 
2025-03-29 10:04:41,340 [FATAL] Updater:351 - Updater called before beeing initialized
2025-03-29 10:04:41,343 [INFO] CADModel:165 - CPN selected for project level
2025-03-29 10:04:41,344 [INFO] CADModel:114 - Register for checkConnection events
2025-03-29 10:04:41,344 [FATAL] Updater:351 - Updater called before beeing initialized
2025-03-29 10:04:41,344 [ERROR] CADModel:125 - Updater not yet initialized, retry later 
2025-03-29 10:04:41,347 [FATAL] Updater:351 - Updater called before beeing initialized
2025-03-29 10:04:41,454 [FATAL] Updater:351 - Updater called before beeing initialized
2025-03-29 10:04:41,483 [INFO] DbMcusAds:53 - JSON generation date=Thu Mar 06 20:24:21 IST 2025 (1741272861825)
2025-03-29 10:04:41,483 [FATAL] Updater:351 - Updater called before beeing initialized
2025-03-29 10:04:41,864 [WARN] DetailPanel:346 - Failed to get advertising image, set to default
2025-03-29 10:04:42,190 [FATAL] Updater:351 - Updater called before beeing initialized
2025-03-29 10:04:42,192 [FATAL] Updater:351 - Updater called before beeing initialized
2025-03-29 10:04:42,193 [FATAL] Updater:351 - Updater called before beeing initialized
2025-03-29 10:04:42,193 [WARN] DetailPanel:346 - Failed to get advertising image, set to default
2025-03-29 10:04:42,193 [FATAL] Updater:351 - Updater called before beeing initialized
2025-03-29 10:04:42,658 [ERROR] Updater:1198 - MainUpdater not yet initialized. External WinMGr cannot be set.
2025-03-29 10:04:42,711 [INFO] Updater:1134 - Updater Version found : 6.14.0
2025-03-29 10:04:42,804 [INFO] ApplicationProperties:184 - Using Application install path: /opt/st/stm32cubeide_1.18.0/plugins/com.st.stm32cube.common.mx_6.14.0.202502271554
2025-03-29 10:04:43,326 [INFO] MainUpdater:2872 - connection check result : 10
2025-03-29 10:04:43,327 [INFO] MainUpdater:289 - Updater Check For Update Now.
2025-03-29 10:04:43,327 [INFO] MicroXplorer:498 - Change Database Version : DB.6.0.140
2025-03-29 10:04:43,333 [INFO] McuFinderGlobals:63 - Set McuFinder mode to 2 (CubeIDE integrated)
2025-03-29 10:04:43,333 [INFO] UserAuth:171 - activating auth plugin
2025-03-29 10:04:43,360 [INFO] UserAuth:486 - Internet connection configuration mode: 1
2025-03-29 10:04:43,540 [INFO] JxBrowserEngine:152 - Initiate JxBrowser Engine with user profile folder
2025-03-29 10:04:43,631 [WARN] MainUpdater:1193 - Updater busy. Cannot search thirdparties
2025-03-29 10:04:43,631 [INFO] ThirdPartyUpdaterWithRetryManager:96 - Updater plugin is busy. [1/15]
2025-03-29 10:04:43,698 [INFO] CheckServerUpdateThread:120 - End of CheckServer Thread
2025-03-29 10:04:50,816 [WARN] PackLoader:240 - Cannot read IP mode file for STMicroelectronics.FP-SNS-MOTENVWB1.1.4.0
2025-03-29 10:04:50,834 [WARN] PackLoader:240 - Cannot read IP mode file for STMicroelectronics.FP-ATR-ASTRA1.2.0.2
2025-03-29 10:04:50,878 [WARN] PackLoader:240 - Cannot read IP mode file for STMicroelectronics.X-CUBE-SMBUS.2.1.0
2025-03-29 10:04:50,908 [WARN] PackLoader:240 - Cannot read IP mode file for STMicroelectronics.X-CUBE-WB05N.1.1.0
2025-03-29 10:04:51,009 [WARN] PackLoader:240 - Cannot read IP mode file for STMicroelectronics.X-CUBE-AZRTOS-F7.1.1.0
2025-03-29 10:04:51,044 [WARN] PackLoader:240 - Cannot read IP mode file for STMicroelectronics.FP-SNS-FLIGHT1.5.0.2
2025-03-29 10:04:51,176 [WARN] PackLoader:240 - Cannot read IP mode file for Infineon.AIROC-Wi-Fi-Bluetooth-STM32.1.7.0
2025-03-29 10:04:51,231 [WARN] PackLoader:240 - Cannot read IP mode file for STMicroelectronics.X-CUBE-DISPLAY.3.0.0
2025-03-29 10:04:51,278 [WARN] PackLoader:240 - Cannot read IP mode file for STMicroelectronics.X-CUBE-BLE1.7.0.0
2025-03-29 10:04:51,315 [WARN] PackLoader:240 - Cannot read IP mode file for STMicroelectronics.X-CUBE-NFC10.1.0.0
2025-03-29 10:04:51,369 [WARN] PackLoader:240 - Cannot read IP mode file for STMicroelectronics.X-CUBE-BLEMGR.4.0.0
2025-03-29 10:04:51,464 [WARN] PackLoader:240 - Cannot read IP mode file for emotas.I-CUBE-CANOPEN.1.3.0
2025-03-29 10:04:51,486 [WARN] PackLoader:240 - Cannot read IP mode file for STMicroelectronics.X-CUBE-AI.10.0.0
2025-03-29 10:04:51,497 [WARN] PackLoader:240 - Cannot read IP mode file for STMicroelectronics.FP-SNS-SMARTAG2.1.2.0
2025-03-29 10:04:51,536 [WARN] PackLoader:240 - Cannot read IP mode file for STMicroelectronics.FP-SNS-FLIGHT1.5.1.0
2025-03-29 10:04:51,674 [WARN] PackLoader:240 - Cannot read IP mode file for STMicroelectronics.X-CUBE-MEMS1.11.1.0
2025-03-29 10:04:51,862 [INFO] LogOutputStream:77 - [STDOUT_REDIRECT] 1 : Invalid condition id : UX_CORESTACK_Condition cause : null
2025-03-29 10:04:51,862 [INFO] LogOutputStream:77 - [STDOUT_REDIRECT] 1 : Invalid condition id : UX_CORESTACK_Condition cause : null
2025-03-29 10:04:51,862 [INFO] LogOutputStream:77 - [STDOUT_REDIRECT] 1 : Invalid condition id : UX_CORESTACK_Condition cause : null
2025-03-29 10:04:51,863 [INFO] LogOutputStream:77 - [STDOUT_REDIRECT] 1 : Invalid condition id : UX_CORESTACK_Condition cause : null
2025-03-29 10:04:51,863 [INFO] LogOutputStream:77 - [STDOUT_REDIRECT] 1 : Invalid condition id : UX_CORESTACK_Condition cause : null
2025-03-29 10:04:51,864 [WARN] PackLoader:240 - Cannot read IP mode file for STMicroelectronics.X-CUBE-AZRTOS-WL.2.0.0
2025-03-29 10:04:51,884 [WARN] PackLoader:240 - Cannot read IP mode file for STMicroelectronics.FP-SNS-MOTENV1.5.0.0
2025-03-29 10:04:51,934 [WARN] PackLoader:240 - Cannot read IP mode file for WES.I-CUBE-Cesium.1.3.0
2025-03-29 10:04:51,955 [WARN] PackLoader:240 - Cannot read IP mode file for STMicroelectronics.X-CUBE-BLE2.3.3.0
2025-03-29 10:04:51,979 [WARN] PackLoader:240 - Cannot read IP mode file for STMicroelectronics.X-CUBE-NFC9.1.0.0
2025-03-29 10:04:52,029 [WARN] PackLoader:240 - Cannot read IP mode file for STMicroelectronics.X-CUBE-BLE1.7.1.0
2025-03-29 10:04:52,042 [WARN] PackLoader:240 - Cannot read IP mode file for wolfSSL.I-CUBE-wolfMQTT.1.19.2
2025-03-29 10:04:52,159 [WARN] PackLoader:240 - Cannot read IP mode file for STMicroelectronics.X-CUBE-AZRTOS-G0.1.1.0
2025-03-29 10:04:52,165 [WARN] PackLoader:240 - Cannot read IP mode file for STMicroelectronics.X-CUBE-SAFEA1.1.2.2
2025-03-29 10:04:52,201 [WARN] PackLoader:240 - Cannot read IP mode file for STMicroelectronics.X-CUBE-NFC4.3.0.0
2025-03-29 10:04:52,363 [WARN] PackLoader:240 - Cannot read IP mode file for EmbeddedOffice.I-CUBE-FS-RTOS.1.0.1
2025-03-29 10:04:52,445 [WARN] PackLoader:240 - Cannot read IP mode file for wolfSSL.I-CUBE-wolfTPM.3.8.0
2025-03-29 10:04:52,448 [WARN] PackLoader:240 - Cannot read IP mode file for STMicroelectronics.X-CUBE-TCPP.4.2.0
2025-03-29 10:04:52,452 [WARN] PackLoader:240 - Cannot read IP mode file for RealThread.X-CUBE-RT-Thread_Nano.4.1.1
2025-03-29 10:04:52,659 [WARN] PackLoader:240 - Cannot read IP mode file for STMicroelectronics.FP-ATR-SIGFOX1.3.2.0
2025-03-29 10:04:52,692 [WARN] ConditionMgr:438 - getConditionDescription Invalid condition id : Cortex-A Device cause : null
2025-03-29 10:04:52,720 [WARN] ConditionMgr:1044 - genDependencies : Invalid condition id : Cortex-A Device cause : null
2025-03-29 10:04:52,720 [WARN] ConditionMgr:1044 - genDependencies : Invalid condition id : Cortex-A Device cause : null
2025-03-29 10:04:52,720 [WARN] ConditionMgr:1044 - genDependencies : Invalid condition id : Cortex-A Device cause : null
2025-03-29 10:04:52,748 [WARN] PackLoader:240 - Cannot read IP mode file for STMicroelectronics.X-CUBE-EEPRMA1.5.1.0
2025-03-29 10:04:52,834 [WARN] PackLoader:240 - Cannot read IP mode file for wolfSSL.I-CUBE-wolfSSL.5.7.6
2025-03-29 10:04:52,864 [WARN] PackLoader:240 - Cannot read IP mode file for ITTIA_DB.I-CUBE-ITTIADB.8.9.0
2025-03-29 10:04:52,946 [WARN] PackLoader:240 - Cannot read IP mode file for SEGGER.I-CUBE-embOS.1.3.1
2025-03-29 10:04:53,211 [WARN] PackLoader:240 - Cannot read IP mode file for STMicroelectronics.X-CUBE-ALGOBUILD.1.4.0
2025-03-29 10:04:53,423 [WARN] PackLoader:240 - Cannot read IP mode file for STMicroelectronics.X-CUBE-AZRTOS-F4.1.1.0
2025-03-29 10:04:53,535 [WARN] PackLoader:240 - Cannot read IP mode file for STMicroelectronics.X-CUBE-ISPU.2.1.0
2025-03-29 10:04:53,702 [WARN] PackLoader:240 - Cannot read IP mode file for STMicroelectronics.X-CUBE-AZRTOS-L5.2.0.0
2025-03-29 10:04:53,841 [WARN] PackLoader:240 - Cannot read IP mode file for STMicroelectronics.X-CUBE-NFC6.3.1.0
2025-03-29 10:04:53,957 [WARN] PackLoader:240 - Cannot read IP mode file for STMicroelectronics.X-CUBE-DPower.1.2.0
2025-03-29 10:04:54,074 [WARN] PackLoader:240 - Cannot read IP mode file for STMicroelectronics.X-CUBE-FREERTOS.1.3.0
2025-03-29 10:04:54,077 [WARN] PackLoader:240 - Cannot read IP mode file for STMicroelectronics.X-CUBE-NFC7.1.0.1
2025-03-29 10:04:54,708 [WARN] ConditionMgr:438 - getConditionDescription Invalid condition id : LAN8742 Phy interface Condition cause : null
2025-03-29 10:04:54,708 [WARN] PackLoader:240 - Cannot read IP mode file for STMicroelectronics.X-CUBE-AZRTOS-L4.2.0.0
2025-03-29 10:04:54,709 [WARN] ConditionMgr:1044 - genDependencies : Invalid condition id : LAN8742 Phy interface Condition cause : null
2025-03-29 10:04:54,709 [WARN] ConditionMgr:1044 - genDependencies : Invalid condition id : LAN8742 Phy interface Condition cause : null
2025-03-29 10:04:54,709 [WARN] ConditionMgr:1044 - genDependencies : Invalid condition id : LAN8742 Phy interface Condition cause : null
2025-03-29 10:04:55,236 [WARN] PackLoader:240 - Cannot read IP mode file for STMicroelectronics.X-CUBE-SFXS2LP1.4.0.0
2025-03-29 10:04:55,475 [WARN] PackLoader:240 - Cannot read IP mode file for STMicroelectronics.X-CUBE-AZRTOS-H7.3.3.0
2025-03-29 10:04:55,632 [WARN] ConditionMgr:438 - getConditionDescription Invalid condition id : UX DEVICE CLASS RTOS Condition cause : null
2025-03-29 10:04:55,632 [WARN] ConditionMgr:438 - getConditionDescription Invalid condition id : UX DEVICE CLASS RTOS Condition cause : null
2025-03-29 10:04:55,635 [WARN] PackLoader:240 - Cannot read IP mode file for STMicroelectronics.X-CUBE-AZRTOS-WB.2.0.0
2025-03-29 10:04:55,635 [WARN] ConditionMgr:1044 - genDependencies : Invalid condition id : UX DEVICE CLASS RTOS Condition cause : null
2025-03-29 10:04:55,635 [WARN] ConditionMgr:1044 - genDependencies : Invalid condition id : UX DEVICE CLASS RTOS Condition cause : null
2025-03-29 10:04:55,636 [WARN] ConditionMgr:1044 - genDependencies : Invalid condition id : UX DEVICE CLASS RTOS Condition cause : null
2025-03-29 10:04:55,636 [WARN] ConditionMgr:1044 - genDependencies : Invalid condition id : UX DEVICE CLASS RTOS Condition cause : null
2025-03-29 10:04:55,636 [WARN] ConditionMgr:1044 - genDependencies : Invalid condition id : UX DEVICE CLASS RTOS Condition cause : null
2025-03-29 10:04:55,726 [WARN] PackLoader:240 - Cannot read IP mode file for STMicroelectronics.X-CUBE-GNSS1.7.0.1
2025-03-29 10:04:55,842 [WARN] PackLoader:240 - Cannot read IP mode file for STMicroelectronics.X-CUBE-TOUCHGFX.4.25.0
2025-03-29 10:04:56,031 [WARN] PackLoader:240 - Cannot read IP mode file for STMicroelectronics.FP-SNS-STBOX1.2.0.0
2025-03-29 10:04:56,232 [WARN] PackLoader:240 - Cannot read IP mode file for STMicroelectronics.X-CUBE-SUBG2.5.0.0
2025-03-29 10:04:56,427 [WARN] PackLoader:240 - Cannot read IP mode file for STMicroelectronics.X-CUBE-AZRTOS-H7RS.1.1.0
2025-03-29 10:04:56,490 [WARN] PackLoader:240 - Cannot read IP mode file for Cesanta.I-CUBE-Mongoose.7.13.0
2025-03-29 10:04:56,637 [WARN] PackLoader:240 - Cannot read IP mode file for STMicroelectronics.X-CUBE-AZRTOS-G4.2.0.0
2025-03-29 10:04:56,706 [WARN] PackLoader:240 - Cannot read IP mode file for wolfSSL.I-CUBE-wolfSSH.1.4.20
2025-03-29 10:04:56,865 [WARN] PackLoader:240 - Cannot read IP mode file for STMicroelectronics.X-CUBE-IPS.3.1.0
2025-03-29 10:04:56,923 [WARN] PackLoader:240 - Cannot read IP mode file for STMicroelectronics.X-CUBE-ALS.1.0.2
2025-03-29 10:04:56,925 [WARN] PackLoader:240 - Cannot read IP mode file for STMicroelectronics.X-CUBE-TOUCHGFX.4.24.2
2025-03-29 10:04:56,928 [WARN] PackLoader:240 - Cannot read IP mode file for portGmbH.I-Cube-SoM-uGOAL.1.1.0
2025-03-29 10:04:57,041 [WARN] PackLoader:240 - Cannot read IP mode file for STMicroelectronics.X-CUBE-AZRTOS-H7RS.1.0.0
2025-03-29 10:04:57,086 [WARN] PackLoader:240 - Cannot read IP mode file for STMicroelectronics.X-CUBE-TOF1.3.4.2
2025-03-29 10:04:57,091 [INFO] ThirdParty:978 - Integrity check success = true
2025-03-29 10:04:57,091 [INFO] IntegrityCheckThread:100 - exiting critical section [integrity check]
2025-03-29 10:04:57,091 [INFO] IntegrityCheckThread:103 - End integrity checks thread
2025-03-29 10:05:23,832 [INFO] WebApp:169 - Instantiating new browser for Auth
2025-03-29 10:05:41,354 [INFO] WebApp:463 - Apply proxy settings
2025-03-29 10:05:41,354 [INFO] WebApp:548 - Chromium requires no authentication
2025-03-29 10:05:41,359 [INFO] WebApp:491 - Direct internet connection detected
2025-03-29 10:05:41,742 [INFO] WebApp:894 - Register for checkConnection events
2025-03-29 10:05:41,742 [INFO] WebApp:463 - Apply proxy settings
2025-03-29 10:05:41,743 [INFO] WebApp:548 - Chromium requires no authentication
2025-03-29 10:05:41,743 [INFO] WebApp:491 - Direct internet connection detected
2025-03-29 10:05:45,220 [INFO] WebApp:225 - Starting web application
2025-03-29 10:05:45,220 [INFO] WebApp:593 - Web application path used /opt/st/stm32cubeide_1.18.0/plugins/com.st.stm32cube.common.mx_6.14.0.202502271554/db/plugins/mcufinder/reactClient1/index.html
2025-03-29 10:05:48,599 [INFO] WebApp:191 - Connection restablished
2025-03-29 10:48:46,262 [INFO] WebApp:194 - Connection lost
2025-03-29 10:48:47,647 [INFO] WebApp:191 - Connection restablished
